[debug] [2018-12-30T17:14:31.009Z] ----------------------------------------------------------------------
[debug] [2018-12-30T17:14:31.017Z] Command:       C:\Program Files\nodejs\node.exe C:\Users\eyeso\AppData\Roaming\npm\node_modules\firebase-tools\lib\bin\firebase.js init
[debug] [2018-12-30T17:14:31.017Z] CLI Version:   6.2.2
[debug] [2018-12-30T17:14:31.017Z] Platform:      win32
[debug] [2018-12-30T17:14:31.017Z] Node Version:  v8.11.3
[debug] [2018-12-30T17:14:31.017Z] Time:          Sun Dec 30 2018 09:14:31 GMT-0800 (Pacific Standard Time)
[debug] [2018-12-30T17:14:31.019Z] ----------------------------------------------------------------------
[debug] 
[debug] [2018-12-30T17:14:31.029Z] > command requires scopes: ["email","openid","https://www.googleapis.com/auth/cloudplatformprojects.readonly","https://www.googleapis.com/auth/firebase","https://www.googleapis.com/auth/cloud-platform"]
[debug] [2018-12-30T17:14:31.029Z] > authorizing via signed-in user
[info] 
     ######## #### ########  ######## ########     ###     ######  ########
     ##        ##  ##     ## ##       ##     ##  ##   ##  ##       ##
     ######    ##  ########  ######   ########  #########  ######  ######
     ##        ##  ##    ##  ##       ##     ## ##     ##       ## ##
     ##       #### ##     ## ######## ########  ##     ##  ######  ########

You're about to initialize a Firebase project in this directory:

  C:\angular sandbox\Private Practice Angular\privatepractice

Before we get started, keep in mind:

  * You are currently outside your home directory

[info] 
=== Project Setup
[info] 
[info] First, let's associate this project directory with a Firebase project.
[info] You can create multiple project aliases by running firebase use --add, 
[info] but for now we'll just set up a default project.
[info] 
[debug] [2018-12-30T17:14:36.648Z] >>> HTTP REQUEST GET https://firebase.googleapis.com/v1beta1/projects?page_size=100  
 
[debug] [2018-12-30T17:14:37.285Z] <<< HTTP RESPONSE 200
[info] i  Using project udemy-ng-http-a08fc (udemy-ng-http)
[info] 
=== Database Setup
[info] 
[info] Firebase Realtime Database Rules allow you to define how your data should be
[info] structured and when your data can be read from and written to.
[info] 
[debug] [2018-12-30T17:15:05.301Z] >>> HTTP REQUEST GET https://udemy-ng-http-a08fc.firebaseio.com/.settings/rules.json  
 
[debug] [2018-12-30T17:15:05.752Z] <<< HTTP RESPONSE 200
[debug] [2018-12-30T17:15:05.917Z] Error: EISDIR: illegal operation on a directory, open 'C:\angular sandbox\Private Practice Angular\privatepractice\dist'
    at Object.fs.openSync (fs.js:646:18)
    at Object.fs.writeFileSync (fs.js:1299:33)
    at Config.writeProjectFile (C:\Users\eyeso\AppData\Roaming\npm\node_modules\firebase-tools\lib\config.js:161:8)
    at C:\Users\eyeso\AppData\Roaming\npm\node_modules\firebase-tools\lib\init\features\database.js:25:23
    at <anonymous>
    at process._tickDomainCallback (internal/process/next_tick.js:228:7)
[error] 
[error] Error: An unexpected error has occurred.
